ARM GAS  C:\Users\SZYMAN~1.RAJ\AppData\Local\Temp\ccNOMSdj.s 			page 1


   1              		.cpu cortex-m4
   2              		.eabi_attribute 27, 1
   3              		.eabi_attribute 28, 1
   4              		.eabi_attribute 23, 1
   5              		.eabi_attribute 24, 1
   6              		.eabi_attribute 25, 1
   7              		.eabi_attribute 26, 1
   8              		.eabi_attribute 30, 4
   9              		.eabi_attribute 34, 1
  10              		.eabi_attribute 18, 4
  11              		.file	"os_box.c"
  12              		.section	.text.priv_box_get,"ax",%progbits
  13              		.align	1
  14              		.syntax unified
  15              		.thumb
  16              		.thumb_func
  17              		.fpu fpv4-sp-d16
  18              		.type	priv_box_get, %function
  19              	priv_box_get:
  20              		@ args = 0, pretend = 0, frame = 0
  21              		@ frame_needed = 0, uses_anonymous_args = 0
  22 0000 30B5     		push	{r4, r5, lr}
  23 0002 8369     		ldr	r3, [r0, #24]
  24 0004 C468     		ldr	r4, [r0, #12]
  25 0006 4269     		ldr	r2, [r0, #20]
  26 0008 04FB0323 		mla	r3, r4, r3, r2
  27 000c 0C46     		mov	r4, r1
  28              	.L2:
  29 000e 8569     		ldr	r5, [r0, #24]
  30 0010 621A     		subs	r2, r4, r1
  31 0012 9542     		cmp	r5, r2
  32 0014 0BD8     		bhi	.L3
  33 0016 C368     		ldr	r3, [r0, #12]
  34 0018 8168     		ldr	r1, [r0, #8]
  35 001a 0133     		adds	r3, r3, #1
  36 001c B3FBF1F2 		udiv	r2, r3, r1
  37 0020 01FB1233 		mls	r3, r1, r2, r3
  38 0024 C360     		str	r3, [r0, #12]
  39 0026 4368     		ldr	r3, [r0, #4]
  40 0028 013B     		subs	r3, r3, #1
  41 002a 4360     		str	r3, [r0, #4]
  42 002c 30BD     		pop	{r4, r5, pc}
  43              	.L3:
  44 002e 13F8012B 		ldrb	r2, [r3], #1	@ zero_extendqisi2
  45 0032 04F8012B 		strb	r2, [r4], #1
  46 0036 EAE7     		b	.L2
  47              		.size	priv_box_get, .-priv_box_get
  48              		.section	.text.priv_box_put,"ax",%progbits
  49              		.align	1
  50              		.syntax unified
  51              		.thumb
  52              		.thumb_func
  53              		.fpu fpv4-sp-d16
  54              		.type	priv_box_put, %function
  55              	priv_box_put:
  56              		@ args = 0, pretend = 0, frame = 0
  57              		@ frame_needed = 0, uses_anonymous_args = 0
ARM GAS  C:\Users\SZYMAN~1.RAJ\AppData\Local\Temp\ccNOMSdj.s 			page 2


  58 0000 30B5     		push	{r4, r5, lr}
  59 0002 8369     		ldr	r3, [r0, #24]
  60 0004 0469     		ldr	r4, [r0, #16]
  61 0006 4269     		ldr	r2, [r0, #20]
  62 0008 04FB0323 		mla	r3, r4, r3, r2
  63 000c 0C46     		mov	r4, r1
  64              	.L5:
  65 000e 8569     		ldr	r5, [r0, #24]
  66 0010 621A     		subs	r2, r4, r1
  67 0012 9542     		cmp	r5, r2
  68 0014 0BD8     		bhi	.L6
  69 0016 0369     		ldr	r3, [r0, #16]
  70 0018 8168     		ldr	r1, [r0, #8]
  71 001a 0133     		adds	r3, r3, #1
  72 001c B3FBF1F2 		udiv	r2, r3, r1
  73 0020 01FB1233 		mls	r3, r1, r2, r3
  74 0024 0361     		str	r3, [r0, #16]
  75 0026 4368     		ldr	r3, [r0, #4]
  76 0028 0133     		adds	r3, r3, #1
  77 002a 4360     		str	r3, [r0, #4]
  78 002c 30BD     		pop	{r4, r5, pc}
  79              	.L6:
  80 002e 14F8012B 		ldrb	r2, [r4], #1	@ zero_extendqisi2
  81 0032 03F8012B 		strb	r2, [r3], #1
  82 0036 EAE7     		b	.L5
  83              		.size	priv_box_put, .-priv_box_put
  84              		.section	.text.priv_box_wait,"ax",%progbits
  85              		.align	1
  86              		.syntax unified
  87              		.thumb
  88              		.thumb_func
  89              		.fpu fpv4-sp-d16
  90              		.type	priv_box_wait, %function
  91              	priv_box_wait:
  92              		@ args = 0, pretend = 0, frame = 0
  93              		@ frame_needed = 0, uses_anonymous_args = 0
  94 0000 F8B5     		push	{r3, r4, r5, r6, r7, lr}
  95 0002 0446     		mov	r4, r0
  96 0004 0E46     		mov	r6, r1
  97              		.syntax unified
  98              	@ 345 "CMSIS/include/cmsis_gcc.h" 1
  99 0006 EFF31085 		MRS r5, primask
 100              	@ 0 "" 2
 101              	@ 128 "CMSIS/include/cmsis_gcc.h" 1
 102 000a 72B6     		cpsid i
 103              	@ 0 "" 2
 104              		.thumb
 105              		.syntax unified
 106 000c 4768     		ldr	r7, [r0, #4]
 107 000e 3FB9     		cbnz	r7, .L8
 108 0010 0A49     		ldr	r1, .L11
 109 0012 0968     		ldr	r1, [r1]
 110 0014 CE63     		str	r6, [r1, #60]
 111 0016 1146     		mov	r1, r2
 112 0018 9847     		blx	r3
 113              	.L9:
 114              		.syntax unified
ARM GAS  C:\Users\SZYMAN~1.RAJ\AppData\Local\Temp\ccNOMSdj.s 			page 3


 115              	@ 373 "CMSIS/include/cmsis_gcc.h" 1
 116 001a 85F31088 		MSR primask, r5
 117              	@ 0 "" 2
 118              		.thumb
 119              		.syntax unified
 120 001e F8BD     		pop	{r3, r4, r5, r6, r7, pc}
 121              	.L8:
 122 0020 FFF7FEFF 		bl	priv_box_get
 123 0024 0021     		movs	r1, #0
 124 0026 FFF7FEFF 		bl	core_one_wakeup
 125 002a 0028     		cmp	r0, #0
 126 002c F5D0     		beq	.L9
 127 002e C16B     		ldr	r1, [r0, #60]
 128 0030 2046     		mov	r0, r4
 129 0032 FFF7FEFF 		bl	priv_box_put
 130 0036 0020     		movs	r0, #0
 131 0038 EFE7     		b	.L9
 132              	.L12:
 133 003a 00BF     		.align	2
 134              	.L11:
 135 003c 00000000 		.word	System
 136              		.size	priv_box_wait, .-priv_box_wait
 137              		.section	.text.priv_box_send,"ax",%progbits
 138              		.align	1
 139              		.syntax unified
 140              		.thumb
 141              		.thumb_func
 142              		.fpu fpv4-sp-d16
 143              		.type	priv_box_send, %function
 144              	priv_box_send:
 145              		@ args = 0, pretend = 0, frame = 0
 146              		@ frame_needed = 0, uses_anonymous_args = 0
 147 0000 F8B5     		push	{r3, r4, r5, r6, r7, lr}
 148 0002 9C46     		mov	ip, r3
 149 0004 0446     		mov	r4, r0
 150 0006 0E46     		mov	r6, r1
 151              		.syntax unified
 152              	@ 345 "CMSIS/include/cmsis_gcc.h" 1
 153 0008 EFF31085 		MRS r5, primask
 154              	@ 0 "" 2
 155              	@ 128 "CMSIS/include/cmsis_gcc.h" 1
 156 000c 72B6     		cpsid i
 157              	@ 0 "" 2
 158              		.thumb
 159              		.syntax unified
 160 000e 4368     		ldr	r3, [r0, #4]
 161 0010 8768     		ldr	r7, [r0, #8]
 162 0012 BB42     		cmp	r3, r7
 163 0014 07D3     		bcc	.L14
 164 0016 0A49     		ldr	r1, .L17
 165 0018 0968     		ldr	r1, [r1]
 166 001a CE63     		str	r6, [r1, #60]
 167 001c 1146     		mov	r1, r2
 168 001e E047     		blx	ip
 169              	.L15:
 170              		.syntax unified
 171              	@ 373 "CMSIS/include/cmsis_gcc.h" 1
ARM GAS  C:\Users\SZYMAN~1.RAJ\AppData\Local\Temp\ccNOMSdj.s 			page 4


 172 0020 85F31088 		MSR primask, r5
 173              	@ 0 "" 2
 174              		.thumb
 175              		.syntax unified
 176 0024 F8BD     		pop	{r3, r4, r5, r6, r7, pc}
 177              	.L14:
 178 0026 FFF7FEFF 		bl	priv_box_put
 179 002a 0021     		movs	r1, #0
 180 002c FFF7FEFF 		bl	core_one_wakeup
 181 0030 0028     		cmp	r0, #0
 182 0032 F5D0     		beq	.L15
 183 0034 C16B     		ldr	r1, [r0, #60]
 184 0036 2046     		mov	r0, r4
 185 0038 FFF7FEFF 		bl	priv_box_get
 186 003c 0020     		movs	r0, #0
 187 003e EFE7     		b	.L15
 188              	.L18:
 189              		.align	2
 190              	.L17:
 191 0040 00000000 		.word	System
 192              		.size	priv_box_send, .-priv_box_send
 193              		.section	.text.box_init,"ax",%progbits
 194              		.align	1
 195              		.global	box_init
 196              		.syntax unified
 197              		.thumb
 198              		.thumb_func
 199              		.fpu fpv4-sp-d16
 200              		.type	box_init, %function
 201              	box_init:
 202              		@ args = 0, pretend = 0, frame = 0
 203              		@ frame_needed = 0, uses_anonymous_args = 0
 204 0000 2DE9F041 		push	{r4, r5, r6, r7, r8, lr}
 205 0004 0546     		mov	r5, r0
 206 0006 8846     		mov	r8, r1
 207 0008 1746     		mov	r7, r2
 208 000a 1E46     		mov	r6, r3
 209              		.syntax unified
 210              	@ 345 "CMSIS/include/cmsis_gcc.h" 1
 211 000c EFF31084 		MRS r4, primask
 212              	@ 0 "" 2
 213              	@ 128 "CMSIS/include/cmsis_gcc.h" 1
 214 0010 72B6     		cpsid i
 215              	@ 0 "" 2
 216              		.thumb
 217              		.syntax unified
 218 0012 1C22     		movs	r2, #28
 219 0014 0021     		movs	r1, #0
 220 0016 FFF7FEFF 		bl	memset
 221 001a C5F80880 		str	r8, [r5, #8]
 222 001e AF61     		str	r7, [r5, #24]
 223 0020 6E61     		str	r6, [r5, #20]
 224              		.syntax unified
 225              	@ 373 "CMSIS/include/cmsis_gcc.h" 1
 226 0022 84F31088 		MSR primask, r4
 227              	@ 0 "" 2
 228              		.thumb
ARM GAS  C:\Users\SZYMAN~1.RAJ\AppData\Local\Temp\ccNOMSdj.s 			page 5


 229              		.syntax unified
 230 0026 BDE8F081 		pop	{r4, r5, r6, r7, r8, pc}
 231              		.size	box_init, .-box_init
 232              		.section	.text.box_create,"ax",%progbits
 233              		.align	1
 234              		.global	box_create
 235              		.syntax unified
 236              		.thumb
 237              		.thumb_func
 238              		.fpu fpv4-sp-d16
 239              		.type	box_create, %function
 240              	box_create:
 241              		@ args = 0, pretend = 0, frame = 0
 242              		@ frame_needed = 0, uses_anonymous_args = 0
 243 0000 F8B5     		push	{r3, r4, r5, r6, r7, lr}
 244 0002 0546     		mov	r5, r0
 245 0004 0E46     		mov	r6, r1
 246              		.syntax unified
 247              	@ 345 "CMSIS/include/cmsis_gcc.h" 1
 248 0006 EFF31087 		MRS r7, primask
 249              	@ 0 "" 2
 250              	@ 128 "CMSIS/include/cmsis_gcc.h" 1
 251 000a 72B6     		cpsid i
 252              	@ 0 "" 2
 253              		.thumb
 254              		.syntax unified
 255 000c 4843     		muls	r0, r1, r0
 256 000e 1C30     		adds	r0, r0, #28
 257 0010 FFF7FEFF 		bl	core_sys_alloc
 258 0014 0446     		mov	r4, r0
 259 0016 28B1     		cbz	r0, .L21
 260 0018 00F11C03 		add	r3, r0, #28
 261 001c 3246     		mov	r2, r6
 262 001e 2946     		mov	r1, r5
 263 0020 FFF7FEFF 		bl	box_init
 264              	.L21:
 265              		.syntax unified
 266              	@ 373 "CMSIS/include/cmsis_gcc.h" 1
 267 0024 87F31088 		MSR primask, r7
 268              	@ 0 "" 2
 269              		.thumb
 270              		.syntax unified
 271 0028 2046     		mov	r0, r4
 272 002a F8BD     		pop	{r3, r4, r5, r6, r7, pc}
 273              		.size	box_create, .-box_create
 274              		.section	.text.box_kill,"ax",%progbits
 275              		.align	1
 276              		.global	box_kill
 277              		.syntax unified
 278              		.thumb
 279              		.thumb_func
 280              		.fpu fpv4-sp-d16
 281              		.type	box_kill, %function
 282              	box_kill:
 283              		@ args = 0, pretend = 0, frame = 0
 284              		@ frame_needed = 0, uses_anonymous_args = 0
 285 0000 10B5     		push	{r4, lr}
ARM GAS  C:\Users\SZYMAN~1.RAJ\AppData\Local\Temp\ccNOMSdj.s 			page 6


 286              		.syntax unified
 287              	@ 345 "CMSIS/include/cmsis_gcc.h" 1
 288 0002 EFF31084 		MRS r4, primask
 289              	@ 0 "" 2
 290              	@ 128 "CMSIS/include/cmsis_gcc.h" 1
 291 0006 72B6     		cpsid i
 292              	@ 0 "" 2
 293              		.thumb
 294              		.syntax unified
 295 0008 0022     		movs	r2, #0
 296 000a 4260     		str	r2, [r0, #4]
 297 000c C260     		str	r2, [r0, #12]
 298 000e 0261     		str	r2, [r0, #16]
 299 0010 4FF0FF31 		mov	r1, #-1
 300 0014 FFF7FEFF 		bl	core_all_wakeup
 301              		.syntax unified
 302              	@ 373 "CMSIS/include/cmsis_gcc.h" 1
 303 0018 84F31088 		MSR primask, r4
 304              	@ 0 "" 2
 305              		.thumb
 306              		.syntax unified
 307 001c 10BD     		pop	{r4, pc}
 308              		.size	box_kill, .-box_kill
 309              		.section	.text.box_waitUntil,"ax",%progbits
 310              		.align	1
 311              		.global	box_waitUntil
 312              		.syntax unified
 313              		.thumb
 314              		.thumb_func
 315              		.fpu fpv4-sp-d16
 316              		.type	box_waitUntil, %function
 317              	box_waitUntil:
 318              		@ args = 0, pretend = 0, frame = 0
 319              		@ frame_needed = 0, uses_anonymous_args = 0
 320              		@ link register save eliminated.
 321 0000 014B     		ldr	r3, .L27
 322 0002 FFF7FEBF 		b	priv_box_wait
 323              	.L28:
 324 0006 00BF     		.align	2
 325              	.L27:
 326 0008 00000000 		.word	core_tsk_waitUntil
 327              		.size	box_waitUntil, .-box_waitUntil
 328              		.section	.text.box_waitFor,"ax",%progbits
 329              		.align	1
 330              		.global	box_waitFor
 331              		.syntax unified
 332              		.thumb
 333              		.thumb_func
 334              		.fpu fpv4-sp-d16
 335              		.type	box_waitFor, %function
 336              	box_waitFor:
 337              		@ args = 0, pretend = 0, frame = 0
 338              		@ frame_needed = 0, uses_anonymous_args = 0
 339              		@ link register save eliminated.
 340 0000 014B     		ldr	r3, .L30
 341 0002 FFF7FEBF 		b	priv_box_wait
 342              	.L31:
ARM GAS  C:\Users\SZYMAN~1.RAJ\AppData\Local\Temp\ccNOMSdj.s 			page 7


 343 0006 00BF     		.align	2
 344              	.L30:
 345 0008 00000000 		.word	core_tsk_waitFor
 346              		.size	box_waitFor, .-box_waitFor
 347              		.section	.text.box_sendUntil,"ax",%progbits
 348              		.align	1
 349              		.global	box_sendUntil
 350              		.syntax unified
 351              		.thumb
 352              		.thumb_func
 353              		.fpu fpv4-sp-d16
 354              		.type	box_sendUntil, %function
 355              	box_sendUntil:
 356              		@ args = 0, pretend = 0, frame = 0
 357              		@ frame_needed = 0, uses_anonymous_args = 0
 358              		@ link register save eliminated.
 359 0000 014B     		ldr	r3, .L33
 360 0002 FFF7FEBF 		b	priv_box_send
 361              	.L34:
 362 0006 00BF     		.align	2
 363              	.L33:
 364 0008 00000000 		.word	core_tsk_waitUntil
 365              		.size	box_sendUntil, .-box_sendUntil
 366              		.section	.text.box_sendFor,"ax",%progbits
 367              		.align	1
 368              		.global	box_sendFor
 369              		.syntax unified
 370              		.thumb
 371              		.thumb_func
 372              		.fpu fpv4-sp-d16
 373              		.type	box_sendFor, %function
 374              	box_sendFor:
 375              		@ args = 0, pretend = 0, frame = 0
 376              		@ frame_needed = 0, uses_anonymous_args = 0
 377              		@ link register save eliminated.
 378 0000 014B     		ldr	r3, .L36
 379 0002 FFF7FEBF 		b	priv_box_send
 380              	.L37:
 381 0006 00BF     		.align	2
 382              	.L36:
 383 0008 00000000 		.word	core_tsk_waitFor
 384              		.size	box_sendFor, .-box_sendFor
 385              		.ident	"GCC: (GNU Tools for ARM Embedded Processors) 6.2.1 20161205 (release) [ARM/embedded-6-bran
ARM GAS  C:\Users\SZYMAN~1.RAJ\AppData\Local\Temp\ccNOMSdj.s 			page 8


DEFINED SYMBOLS
                            *ABS*:00000000 os_box.c
C:\Users\SZYMAN~1.RAJ\AppData\Local\Temp\ccNOMSdj.s:13     .text.priv_box_get:00000000 $t
C:\Users\SZYMAN~1.RAJ\AppData\Local\Temp\ccNOMSdj.s:19     .text.priv_box_get:00000000 priv_box_get
C:\Users\SZYMAN~1.RAJ\AppData\Local\Temp\ccNOMSdj.s:49     .text.priv_box_put:00000000 $t
C:\Users\SZYMAN~1.RAJ\AppData\Local\Temp\ccNOMSdj.s:55     .text.priv_box_put:00000000 priv_box_put
C:\Users\SZYMAN~1.RAJ\AppData\Local\Temp\ccNOMSdj.s:85     .text.priv_box_wait:00000000 $t
C:\Users\SZYMAN~1.RAJ\AppData\Local\Temp\ccNOMSdj.s:91     .text.priv_box_wait:00000000 priv_box_wait
C:\Users\SZYMAN~1.RAJ\AppData\Local\Temp\ccNOMSdj.s:135    .text.priv_box_wait:0000003c $d
C:\Users\SZYMAN~1.RAJ\AppData\Local\Temp\ccNOMSdj.s:138    .text.priv_box_send:00000000 $t
C:\Users\SZYMAN~1.RAJ\AppData\Local\Temp\ccNOMSdj.s:144    .text.priv_box_send:00000000 priv_box_send
C:\Users\SZYMAN~1.RAJ\AppData\Local\Temp\ccNOMSdj.s:191    .text.priv_box_send:00000040 $d
C:\Users\SZYMAN~1.RAJ\AppData\Local\Temp\ccNOMSdj.s:194    .text.box_init:00000000 $t
C:\Users\SZYMAN~1.RAJ\AppData\Local\Temp\ccNOMSdj.s:201    .text.box_init:00000000 box_init
C:\Users\SZYMAN~1.RAJ\AppData\Local\Temp\ccNOMSdj.s:233    .text.box_create:00000000 $t
C:\Users\SZYMAN~1.RAJ\AppData\Local\Temp\ccNOMSdj.s:240    .text.box_create:00000000 box_create
C:\Users\SZYMAN~1.RAJ\AppData\Local\Temp\ccNOMSdj.s:275    .text.box_kill:00000000 $t
C:\Users\SZYMAN~1.RAJ\AppData\Local\Temp\ccNOMSdj.s:282    .text.box_kill:00000000 box_kill
C:\Users\SZYMAN~1.RAJ\AppData\Local\Temp\ccNOMSdj.s:310    .text.box_waitUntil:00000000 $t
C:\Users\SZYMAN~1.RAJ\AppData\Local\Temp\ccNOMSdj.s:317    .text.box_waitUntil:00000000 box_waitUntil
C:\Users\SZYMAN~1.RAJ\AppData\Local\Temp\ccNOMSdj.s:326    .text.box_waitUntil:00000008 $d
C:\Users\SZYMAN~1.RAJ\AppData\Local\Temp\ccNOMSdj.s:329    .text.box_waitFor:00000000 $t
C:\Users\SZYMAN~1.RAJ\AppData\Local\Temp\ccNOMSdj.s:336    .text.box_waitFor:00000000 box_waitFor
C:\Users\SZYMAN~1.RAJ\AppData\Local\Temp\ccNOMSdj.s:345    .text.box_waitFor:00000008 $d
C:\Users\SZYMAN~1.RAJ\AppData\Local\Temp\ccNOMSdj.s:348    .text.box_sendUntil:00000000 $t
C:\Users\SZYMAN~1.RAJ\AppData\Local\Temp\ccNOMSdj.s:355    .text.box_sendUntil:00000000 box_sendUntil
C:\Users\SZYMAN~1.RAJ\AppData\Local\Temp\ccNOMSdj.s:364    .text.box_sendUntil:00000008 $d
C:\Users\SZYMAN~1.RAJ\AppData\Local\Temp\ccNOMSdj.s:367    .text.box_sendFor:00000000 $t
C:\Users\SZYMAN~1.RAJ\AppData\Local\Temp\ccNOMSdj.s:374    .text.box_sendFor:00000000 box_sendFor
C:\Users\SZYMAN~1.RAJ\AppData\Local\Temp\ccNOMSdj.s:383    .text.box_sendFor:00000008 $d

UNDEFINED SYMBOLS
core_one_wakeup
System
memset
core_sys_alloc
core_all_wakeup
core_tsk_waitUntil
core_tsk_waitFor
