ARM GAS  C:\Users\SZYMAN~1.RAJ\AppData\Local\Temp\cckWJiPd.s 			page 1


   1              		.cpu cortex-m4
   2              		.eabi_attribute 27, 1
   3              		.eabi_attribute 28, 1
   4              		.eabi_attribute 23, 1
   5              		.eabi_attribute 24, 1
   6              		.eabi_attribute 25, 1
   7              		.eabi_attribute 26, 1
   8              		.eabi_attribute 30, 4
   9              		.eabi_attribute 34, 1
  10              		.eabi_attribute 18, 4
  11              		.file	"os_bar.c"
  12              		.section	.text.bar_init,"ax",%progbits
  13              		.align	1
  14              		.global	bar_init
  15              		.syntax unified
  16              		.thumb
  17              		.thumb_func
  18              		.fpu fpv4-sp-d16
  19              		.type	bar_init, %function
  20              	bar_init:
  21              		@ args = 0, pretend = 0, frame = 0
  22              		@ frame_needed = 0, uses_anonymous_args = 0
  23              		@ link register save eliminated.
  24              		.syntax unified
  25              	@ 345 "CMSIS/include/cmsis_gcc.h" 1
  26 0000 EFF31083 		MRS r3, primask
  27              	@ 0 "" 2
  28              	@ 128 "CMSIS/include/cmsis_gcc.h" 1
  29 0004 72B6     		cpsid i
  30              	@ 0 "" 2
  31              		.thumb
  32              		.syntax unified
  33 0006 0022     		movs	r2, #0
  34 0008 0260     		str	r2, [r0]	@ unaligned
  35 000a 4160     		str	r1, [r0, #4]
  36 000c 8160     		str	r1, [r0, #8]
  37              		.syntax unified
  38              	@ 373 "CMSIS/include/cmsis_gcc.h" 1
  39 000e 83F31088 		MSR primask, r3
  40              	@ 0 "" 2
  41              		.thumb
  42              		.syntax unified
  43 0012 7047     		bx	lr
  44              		.size	bar_init, .-bar_init
  45              		.section	.text.bar_create,"ax",%progbits
  46              		.align	1
  47              		.global	bar_create
  48              		.syntax unified
  49              		.thumb
  50              		.thumb_func
  51              		.fpu fpv4-sp-d16
  52              		.type	bar_create, %function
  53              	bar_create:
  54              		@ args = 0, pretend = 0, frame = 0
  55              		@ frame_needed = 0, uses_anonymous_args = 0
  56 0000 70B5     		push	{r4, r5, r6, lr}
  57 0002 0646     		mov	r6, r0
ARM GAS  C:\Users\SZYMAN~1.RAJ\AppData\Local\Temp\cckWJiPd.s 			page 2


  58              		.syntax unified
  59              	@ 345 "CMSIS/include/cmsis_gcc.h" 1
  60 0004 EFF31085 		MRS r5, primask
  61              	@ 0 "" 2
  62              	@ 128 "CMSIS/include/cmsis_gcc.h" 1
  63 0008 72B6     		cpsid i
  64              	@ 0 "" 2
  65              		.thumb
  66              		.syntax unified
  67 000a 0C20     		movs	r0, #12
  68 000c FFF7FEFF 		bl	core_sys_alloc
  69 0010 0446     		mov	r4, r0
  70 0012 10B1     		cbz	r0, .L3
  71 0014 3146     		mov	r1, r6
  72 0016 FFF7FEFF 		bl	bar_init
  73              	.L3:
  74              		.syntax unified
  75              	@ 373 "CMSIS/include/cmsis_gcc.h" 1
  76 001a 85F31088 		MSR primask, r5
  77              	@ 0 "" 2
  78              		.thumb
  79              		.syntax unified
  80 001e 2046     		mov	r0, r4
  81 0020 70BD     		pop	{r4, r5, r6, pc}
  82              		.size	bar_create, .-bar_create
  83              		.section	.text.bar_kill,"ax",%progbits
  84              		.align	1
  85              		.global	bar_kill
  86              		.syntax unified
  87              		.thumb
  88              		.thumb_func
  89              		.fpu fpv4-sp-d16
  90              		.type	bar_kill, %function
  91              	bar_kill:
  92              		@ args = 0, pretend = 0, frame = 0
  93              		@ frame_needed = 0, uses_anonymous_args = 0
  94 0000 10B5     		push	{r4, lr}
  95              		.syntax unified
  96              	@ 345 "CMSIS/include/cmsis_gcc.h" 1
  97 0002 EFF31084 		MRS r4, primask
  98              	@ 0 "" 2
  99              	@ 128 "CMSIS/include/cmsis_gcc.h" 1
 100 0006 72B6     		cpsid i
 101              	@ 0 "" 2
 102              		.thumb
 103              		.syntax unified
 104 0008 8268     		ldr	r2, [r0, #8]
 105 000a 4260     		str	r2, [r0, #4]
 106 000c 4FF0FF31 		mov	r1, #-1
 107 0010 FFF7FEFF 		bl	core_all_wakeup
 108              		.syntax unified
 109              	@ 373 "CMSIS/include/cmsis_gcc.h" 1
 110 0014 84F31088 		MSR primask, r4
 111              	@ 0 "" 2
 112              		.thumb
 113              		.syntax unified
 114 0018 10BD     		pop	{r4, pc}
ARM GAS  C:\Users\SZYMAN~1.RAJ\AppData\Local\Temp\cckWJiPd.s 			page 3


 115              		.size	bar_kill, .-bar_kill
 116              		.section	.text.bar_waitUntil,"ax",%progbits
 117              		.align	1
 118              		.global	bar_waitUntil
 119              		.syntax unified
 120              		.thumb
 121              		.thumb_func
 122              		.fpu fpv4-sp-d16
 123              		.type	bar_waitUntil, %function
 124              	bar_waitUntil:
 125              		@ args = 0, pretend = 0, frame = 0
 126              		@ frame_needed = 0, uses_anonymous_args = 0
 127 0000 38B5     		push	{r3, r4, r5, lr}
 128              		.syntax unified
 129              	@ 345 "CMSIS/include/cmsis_gcc.h" 1
 130 0002 EFF31085 		MRS r5, primask
 131              	@ 0 "" 2
 132              	@ 128 "CMSIS/include/cmsis_gcc.h" 1
 133 0006 72B6     		cpsid i
 134              	@ 0 "" 2
 135              		.thumb
 136              		.syntax unified
 137 0008 4468     		ldr	r4, [r0, #4]
 138 000a 013C     		subs	r4, r4, #1
 139 000c 4460     		str	r4, [r0, #4]
 140 000e 34B1     		cbz	r4, .L9
 141 0010 FFF7FEFF 		bl	core_tsk_waitUntil
 142 0014 0446     		mov	r4, r0
 143              	.L10:
 144              		.syntax unified
 145              	@ 373 "CMSIS/include/cmsis_gcc.h" 1
 146 0016 85F31088 		MSR primask, r5
 147              	@ 0 "" 2
 148              		.thumb
 149              		.syntax unified
 150 001a 2046     		mov	r0, r4
 151 001c 38BD     		pop	{r3, r4, r5, pc}
 152              	.L9:
 153 001e 8268     		ldr	r2, [r0, #8]
 154 0020 4260     		str	r2, [r0, #4]
 155 0022 2146     		mov	r1, r4
 156 0024 FFF7FEFF 		bl	core_all_wakeup
 157 0028 F5E7     		b	.L10
 158              		.size	bar_waitUntil, .-bar_waitUntil
 159              		.section	.text.bar_waitFor,"ax",%progbits
 160              		.align	1
 161              		.global	bar_waitFor
 162              		.syntax unified
 163              		.thumb
 164              		.thumb_func
 165              		.fpu fpv4-sp-d16
 166              		.type	bar_waitFor, %function
 167              	bar_waitFor:
 168              		@ args = 0, pretend = 0, frame = 0
 169              		@ frame_needed = 0, uses_anonymous_args = 0
 170 0000 38B5     		push	{r3, r4, r5, lr}
 171              		.syntax unified
ARM GAS  C:\Users\SZYMAN~1.RAJ\AppData\Local\Temp\cckWJiPd.s 			page 4


 172              	@ 345 "CMSIS/include/cmsis_gcc.h" 1
 173 0002 EFF31085 		MRS r5, primask
 174              	@ 0 "" 2
 175              	@ 128 "CMSIS/include/cmsis_gcc.h" 1
 176 0006 72B6     		cpsid i
 177              	@ 0 "" 2
 178              		.thumb
 179              		.syntax unified
 180 0008 4468     		ldr	r4, [r0, #4]
 181 000a 013C     		subs	r4, r4, #1
 182 000c 4460     		str	r4, [r0, #4]
 183 000e 34B1     		cbz	r4, .L12
 184 0010 FFF7FEFF 		bl	core_tsk_waitFor
 185 0014 0446     		mov	r4, r0
 186              	.L13:
 187              		.syntax unified
 188              	@ 373 "CMSIS/include/cmsis_gcc.h" 1
 189 0016 85F31088 		MSR primask, r5
 190              	@ 0 "" 2
 191              		.thumb
 192              		.syntax unified
 193 001a 2046     		mov	r0, r4
 194 001c 38BD     		pop	{r3, r4, r5, pc}
 195              	.L12:
 196 001e 8268     		ldr	r2, [r0, #8]
 197 0020 4260     		str	r2, [r0, #4]
 198 0022 2146     		mov	r1, r4
 199 0024 FFF7FEFF 		bl	core_all_wakeup
 200 0028 F5E7     		b	.L13
 201              		.size	bar_waitFor, .-bar_waitFor
 202              		.ident	"GCC: (GNU Tools for ARM Embedded Processors) 6.2.1 20161205 (release) [ARM/embedded-6-bran
ARM GAS  C:\Users\SZYMAN~1.RAJ\AppData\Local\Temp\cckWJiPd.s 			page 5


DEFINED SYMBOLS
                            *ABS*:00000000 os_bar.c
C:\Users\SZYMAN~1.RAJ\AppData\Local\Temp\cckWJiPd.s:13     .text.bar_init:00000000 $t
C:\Users\SZYMAN~1.RAJ\AppData\Local\Temp\cckWJiPd.s:20     .text.bar_init:00000000 bar_init
C:\Users\SZYMAN~1.RAJ\AppData\Local\Temp\cckWJiPd.s:46     .text.bar_create:00000000 $t
C:\Users\SZYMAN~1.RAJ\AppData\Local\Temp\cckWJiPd.s:53     .text.bar_create:00000000 bar_create
C:\Users\SZYMAN~1.RAJ\AppData\Local\Temp\cckWJiPd.s:84     .text.bar_kill:00000000 $t
C:\Users\SZYMAN~1.RAJ\AppData\Local\Temp\cckWJiPd.s:91     .text.bar_kill:00000000 bar_kill
C:\Users\SZYMAN~1.RAJ\AppData\Local\Temp\cckWJiPd.s:117    .text.bar_waitUntil:00000000 $t
C:\Users\SZYMAN~1.RAJ\AppData\Local\Temp\cckWJiPd.s:124    .text.bar_waitUntil:00000000 bar_waitUntil
C:\Users\SZYMAN~1.RAJ\AppData\Local\Temp\cckWJiPd.s:160    .text.bar_waitFor:00000000 $t
C:\Users\SZYMAN~1.RAJ\AppData\Local\Temp\cckWJiPd.s:167    .text.bar_waitFor:00000000 bar_waitFor

UNDEFINED SYMBOLS
core_sys_alloc
core_all_wakeup
core_tsk_waitUntil
core_tsk_waitFor
