ARM GAS  C:\Users\SZYMAN~1.RAJ\AppData\Local\Temp\cc2aSkI7.s 			page 1


   1              		.cpu cortex-m4
   2              		.eabi_attribute 27, 1
   3              		.eabi_attribute 28, 1
   4              		.eabi_attribute 23, 1
   5              		.eabi_attribute 24, 1
   6              		.eabi_attribute 25, 1
   7              		.eabi_attribute 26, 1
   8              		.eabi_attribute 30, 4
   9              		.eabi_attribute 34, 1
  10              		.eabi_attribute 18, 4
  11              		.file	"osport.c"
  12              		.section	.text.startup.port_sys_init,"ax",%progbits
  13              		.align	1
  14              		.global	port_sys_init
  15              		.syntax unified
  16              		.thumb
  17              		.thumb_func
  18              		.fpu fpv4-sp-d16
  19              		.type	port_sys_init, %function
  20              	port_sys_init:
  21              		@ args = 0, pretend = 0, frame = 0
  22              		@ frame_needed = 0, uses_anonymous_args = 0
  23              		@ link register save eliminated.
  24 0000 0F4A     		ldr	r2, .L2
  25 0002 136C     		ldr	r3, [r2, #64]
  26 0004 43F00103 		orr	r3, r3, #1
  27 0008 1364     		str	r3, [r2, #64]
  28 000a 0E4A     		ldr	r2, .L2+4
  29 000c F023     		movs	r3, #240
  30 000e 4FF08051 		mov	r1, #268435456
  31 0012 82F81C33 		strb	r3, [r2, #796]
  32 0016 1160     		str	r1, [r2]
  33 0018 4FF08042 		mov	r2, #1073741824
  34 001c 5321     		movs	r1, #83
  35 001e 9162     		str	r1, [r2, #40]
  36 0020 0121     		movs	r1, #1
  37 0022 5161     		str	r1, [r2, #20]
  38 0024 1160     		str	r1, [r2]
  39 0026 084A     		ldr	r2, .L2+8
  40 0028 0849     		ldr	r1, .L2+12
  41 002a 5160     		str	r1, [r2, #4]
  42 002c 0849     		ldr	r1, .L2+16
  43 002e 0020     		movs	r0, #0
  44 0030 81F82330 		strb	r3, [r1, #35]
  45 0034 9060     		str	r0, [r2, #8]
  46 0036 0720     		movs	r0, #7
  47 0038 1060     		str	r0, [r2]
  48 003a 81F82230 		strb	r3, [r1, #34]
  49 003e 7047     		bx	lr
  50              	.L3:
  51              		.align	2
  52              	.L2:
  53 0040 00380240 		.word	1073887232
  54 0044 00E100E0 		.word	-536813312
  55 0048 10E000E0 		.word	-536813552
  56 004c 3F900200 		.word	167999
  57 0050 00ED00E0 		.word	-536810240
ARM GAS  C:\Users\SZYMAN~1.RAJ\AppData\Local\Temp\cc2aSkI7.s 			page 2


  58              		.size	port_sys_init, .-port_sys_init
  59              		.section	.init_array,"aw",%init_array
  60              		.align	2
  61 0000 00000000 		.word	port_sys_init(target1)
  62              		.section	.text.TIM2_IRQHandler,"ax",%progbits
  63              		.align	1
  64              		.global	TIM2_IRQHandler
  65              		.syntax unified
  66              		.thumb
  67              		.thumb_func
  68              		.fpu fpv4-sp-d16
  69              		.type	TIM2_IRQHandler, %function
  70              	TIM2_IRQHandler:
  71              		@ args = 0, pretend = 0, frame = 0
  72              		@ frame_needed = 0, uses_anonymous_args = 0
  73              		@ link register save eliminated.
  74 0000 4FF08043 		mov	r3, #1073741824
  75 0004 0022     		movs	r2, #0
  76 0006 1A61     		str	r2, [r3, #16]
  77 0008 FFF7FEBF 		b	core_tmr_handler
  78              		.size	TIM2_IRQHandler, .-TIM2_IRQHandler
  79              		.section	.text.SysTick_Handler,"ax",%progbits
  80              		.align	1
  81              		.global	SysTick_Handler
  82              		.syntax unified
  83              		.thumb
  84              		.thumb_func
  85              		.fpu fpv4-sp-d16
  86              		.type	SysTick_Handler, %function
  87              	SysTick_Handler:
  88              		@ args = 0, pretend = 0, frame = 0
  89              		@ frame_needed = 0, uses_anonymous_args = 0
  90              		@ link register save eliminated.
  91 0000 FFF7FEBF 		b	core_ctx_switch
  92              		.size	SysTick_Handler, .-SysTick_Handler
  93              		.ident	"GCC: (GNU Tools for ARM Embedded Processors) 6.2.1 20161205 (release) [ARM/embedded-6-bran
ARM GAS  C:\Users\SZYMAN~1.RAJ\AppData\Local\Temp\cc2aSkI7.s 			page 3


DEFINED SYMBOLS
                            *ABS*:00000000 osport.c
C:\Users\SZYMAN~1.RAJ\AppData\Local\Temp\cc2aSkI7.s:13     .text.startup.port_sys_init:00000000 $t
C:\Users\SZYMAN~1.RAJ\AppData\Local\Temp\cc2aSkI7.s:20     .text.startup.port_sys_init:00000000 port_sys_init
C:\Users\SZYMAN~1.RAJ\AppData\Local\Temp\cc2aSkI7.s:53     .text.startup.port_sys_init:00000040 $d
C:\Users\SZYMAN~1.RAJ\AppData\Local\Temp\cc2aSkI7.s:60     .init_array:00000000 $d
C:\Users\SZYMAN~1.RAJ\AppData\Local\Temp\cc2aSkI7.s:63     .text.TIM2_IRQHandler:00000000 $t
C:\Users\SZYMAN~1.RAJ\AppData\Local\Temp\cc2aSkI7.s:70     .text.TIM2_IRQHandler:00000000 TIM2_IRQHandler
C:\Users\SZYMAN~1.RAJ\AppData\Local\Temp\cc2aSkI7.s:80     .text.SysTick_Handler:00000000 $t
C:\Users\SZYMAN~1.RAJ\AppData\Local\Temp\cc2aSkI7.s:87     .text.SysTick_Handler:00000000 SysTick_Handler

UNDEFINED SYMBOLS
core_tmr_handler
core_ctx_switch
